<?xml version="1.0" encoding="UTF-8"?>
<!-- Generated by org.testng.reporters.JUnitReportReporter -->
<testsuite skipped="0" hostname="DESKTOP-V8J8CST" name="com.curahealthecareTestNG.Test.MakeAppoitment.MakeAppointmentTest" tests="1" failures="0" timestamp="10 Dec 2018 04:06:11 GMT" time="33.262" errors="0">
  <testcase name="makeAppointmentTest" time="33.262" classname="com.curahealthecareTestNG.Test.MakeAppoitment.MakeAppointmentTest"/>
</testsuite> <!-- com.curahealthecareTestNG.Test.MakeAppoitment.MakeAppointmentTest -->
