<?xml version="1.0" encoding="UTF-8"?>
<!-- Generated by org.testng.reporters.JUnitReportReporter -->
<testsuite skipped="0" hostname="DESKTOP-V8J8CST" name="com.curahealthecareTestNG.Tests.login.LoginTests" tests="2" failures="0" timestamp="10 Dec 2018 04:02:00 GMT" time="24.748" errors="0">
  <testcase name="positiveloginTest" time="3.540" classname="com.curahealthecareTestNG.Tests.login.LoginTests"/>
  <testcase name="invalidUsernameTest" time="21.208" classname="com.curahealthecareTestNG.Tests.login.LoginTests"/>
</testsuite> <!-- com.curahealthecareTestNG.Tests.login.LoginTests -->
